In file included from [01m[K/home/hv/tiago_public_ws/src/play_motion2/play_motion2/test/controllers/src/passthrough_controller.cpp:15[m[K:
[01m[K/home/hv/tiago_public_ws/src/play_motion2/play_motion2/test/controllers/src/passthrough_controller.hpp:28:10:[m[K [01;31m[Kfatal error: [m[Kplay_motion2/passthrough_controller_parameters.hpp: No such file or directory
   28 | #include [01;31m[K"play_motion2/passthrough_controller_parameters.hpp"[m[K
      |          [01;31m[K^~~~~~~~~~~~~~~~~~~~~~~~~~~~~~~~~~~~~~~~~~~~~~~~~~~~[m[K
compilation terminated.
gmake[2]: *** [CMakeFiles/passthrough_controller.dir/build.make:76: CMakeFiles/passthrough_controller.dir/test/controllers/src/passthrough_controller.cpp.o] Error 1
gmake[1]: *** [CMakeFiles/Makefile2:332: CMakeFiles/passthrough_controller.dir/all] Error 2
gmake[1]: *** Waiting for unfinished jobs....
gmake: *** [Makefile:146: all] Error 2
