[0.019s] Invoking command in '/home/hv/tiago_public_ws/build/play_motion2': AMENT_PREFIX_PATH=/home/hv/tiago_public_ws/install/play_motion2_msgs:${AMENT_PREFIX_PATH} CMAKE_PREFIX_PATH=/home/hv/tiago_public_ws/install/play_motion2_msgs:/home/hv/Desktop/ros2_ws/install/ghost_bms_interfaces:/home/hv/Desktop/ros2_ws/install/draper_msgs:/opt/ros/humble LD_LIBRARY_PATH=/home/hv/tiago_public_ws/install/play_motion2_msgs/lib:${LD_LIBRARY_PATH} PYTHONPATH=/home/hv/tiago_public_ws/install/play_motion2_msgs/local/lib/python3.10/dist-packages:${PYTHONPATH} /usr/bin/cmake --build /home/hv/tiago_public_ws/build/play_motion2 -- -j16 -l16
[0.067s] [35m[1mConsolidate compiler generated dependencies of target gtest[0m
[0.067s] [35m[1mConsolidate compiler generated dependencies of target gtest_main[0m
[0.067s] [35m[1mConsolidate compiler generated dependencies of target play_motion2[0m
[0.076s] [  4%] Built target passthrough_controller_parameters
[0.079s] [ 12%] Built target gtest
[0.079s] [ 20%] Built target gtest_main
[0.098s] [ 36%] Built target play_motion2
[0.109s] [ 40%] [32mBuilding CXX object CMakeFiles/passthrough_controller.dir/test/controllers/src/passthrough_controller.cpp.o[0m
[0.110s] [ 44%] [32mBuilding CXX object CMakeFiles/play_motion2_node_test.dir/test/play_motion2_node_test.cpp.o[0m
[0.128s] [ 48%] [32mBuilding CXX object CMakeFiles/client.dir/src/play_motion2/client.cpp.o[0m
[0.413s] In file included from [01m[K/home/hv/tiago_public_ws/src/play_motion2/play_motion2/test/controllers/src/passthrough_controller.cpp:15[m[K:
[0.413s] [01m[K/home/hv/tiago_public_ws/src/play_motion2/play_motion2/test/controllers/src/passthrough_controller.hpp:28:10:[m[K [01;31m[Kfatal error: [m[Kplay_motion2/passthrough_controller_parameters.hpp: No such file or directory
[0.413s]    28 | #include [01;31m[K"play_motion2/passthrough_controller_parameters.hpp"[m[K
[0.413s]       |          [01;31m[K^~~~~~~~~~~~~~~~~~~~~~~~~~~~~~~~~~~~~~~~~~~~~~~~~~~~[m[K
[0.413s] compilation terminated.
[0.417s] gmake[2]: *** [CMakeFiles/passthrough_controller.dir/build.make:76: CMakeFiles/passthrough_controller.dir/test/controllers/src/passthrough_controller.cpp.o] Error 1
[0.417s] gmake[1]: *** [CMakeFiles/Makefile2:332: CMakeFiles/passthrough_controller.dir/all] Error 2
[0.417s] gmake[1]: *** Waiting for unfinished jobs....
[4.928s] [ 52%] [32m[1mLinking CXX static library libclient.a[0m
[5.024s] [ 52%] Built target client
[10.478s] [ 56%] [32m[1mLinking CXX executable play_motion2_node_test[0m
[11.038s] [ 56%] Built target play_motion2_node_test
[11.039s] gmake: *** [Makefile:146: all] Error 2
[11.041s] Invoked command in '/home/hv/tiago_public_ws/build/play_motion2' returned '2': AMENT_PREFIX_PATH=/home/hv/tiago_public_ws/install/play_motion2_msgs:${AMENT_PREFIX_PATH} CMAKE_PREFIX_PATH=/home/hv/tiago_public_ws/install/play_motion2_msgs:/home/hv/Desktop/ros2_ws/install/ghost_bms_interfaces:/home/hv/Desktop/ros2_ws/install/draper_msgs:/opt/ros/humble LD_LIBRARY_PATH=/home/hv/tiago_public_ws/install/play_motion2_msgs/lib:${LD_LIBRARY_PATH} PYTHONPATH=/home/hv/tiago_public_ws/install/play_motion2_msgs/local/lib/python3.10/dist-packages:${PYTHONPATH} /usr/bin/cmake --build /home/hv/tiago_public_ws/build/play_motion2 -- -j16 -l16
