[0.009s] Invoking command in '/home/hv/tiago_public_ws/build/play_motion2': AMENT_PREFIX_PATH=/home/hv/tiago_public_ws/install/play_motion2_msgs:${AMENT_PREFIX_PATH} CMAKE_PREFIX_PATH=/home/hv/tiago_public_ws/install/play_motion2_msgs:/home/hv/Desktop/ros2_ws/install/ghost_bms_interfaces:/home/hv/Desktop/ros2_ws/install/draper_msgs:/opt/ros/humble LD_LIBRARY_PATH=/home/hv/tiago_public_ws/install/play_motion2_msgs/lib:${LD_LIBRARY_PATH} PYTHONPATH=/home/hv/tiago_public_ws/install/play_motion2_msgs/local/lib/python3.10/dist-packages:${PYTHONPATH} /usr/bin/cmake /home/hv/tiago_public_ws/src/play_motion2/play_motion2 -DCMAKE_INSTALL_PREFIX=/home/hv/tiago_public_ws/install/play_motion2
[0.064s] -- The C compiler identification is GNU 11.4.0
[0.112s] -- The CXX compiler identification is GNU 11.4.0
[0.119s] -- Detecting C compiler ABI info
[0.181s] -- Detecting C compiler ABI info - done
[0.186s] -- Check for working C compiler: /usr/bin/cc - skipped
[0.186s] -- Detecting C compile features
[0.187s] -- Detecting C compile features - done
[0.189s] -- Detecting CXX compiler ABI info
[0.258s] -- Detecting CXX compiler ABI info - done
[0.264s] -- Check for working CXX compiler: /usr/bin/c++ - skipped
[0.264s] -- Detecting CXX compile features
[0.264s] -- Detecting CXX compile features - done
[0.267s] -- Found ament_cmake_auto: 1.3.10 (/opt/ros/humble/share/ament_cmake_auto/cmake)
[0.391s] -- Found Python3: /usr/bin/python3 (found version "3.10.12") found components: Interpreter 
[0.549s] -- Found rosidl_generator_c: 3.1.5 (/opt/ros/humble/share/rosidl_generator_c/cmake)
[0.556s] -- Found rosidl_adapter: 3.1.5 (/opt/ros/humble/share/rosidl_adapter/cmake)
[0.563s] -- Found rosidl_generator_cpp: 3.1.5 (/opt/ros/humble/share/rosidl_generator_cpp/cmake)
[0.574s] -- Using all available rosidl_typesupport_c: rosidl_typesupport_fastrtps_c;rosidl_typesupport_introspection_c
[0.587s] -- Using all available rosidl_typesupport_cpp: rosidl_typesupport_fastrtps_cpp;rosidl_typesupport_introspection_cpp
[0.895s] -- Found Boost: /usr/lib/x86_64-linux-gnu/cmake/Boost-1.74.0/BoostConfig.cmake (found version "1.74.0") found components: date_time filesystem program_options system thread 
[0.988s] -- Found Boost: /usr/lib/x86_64-linux-gnu/cmake/Boost-1.74.0/BoostConfig.cmake (found version "1.74.0") found components: chrono date_time filesystem iostreams program_options regex serialization system thread 
[1.038s] -- Found parameter_traits: 0.3.8 (/opt/ros/humble/share/parameter_traits/cmake)
[1.075s] -- Found rmw_implementation_cmake: 6.1.2 (/opt/ros/humble/share/rmw_implementation_cmake/cmake)
[1.078s] -- Found rmw_fastrtps_cpp: 6.2.7 (/opt/ros/humble/share/rmw_fastrtps_cpp/cmake)
[1.161s] -- Found OpenSSL: /usr/lib/x86_64-linux-gnu/libcrypto.so (found version "3.0.2")  
[1.184s] -- Found FastRTPS: /opt/ros/humble/include  
[1.223s] -- Using RMW implementation 'rmw_fastrtps_cpp' as default
[1.232s] -- Found Threads: TRUE  
[1.271s] -- Found Eigen3: TRUE (found version "3.4.0") 
[1.276s] -- Found rclcpp_lifecycle: 16.0.10 (/opt/ros/humble/share/rclcpp_lifecycle/cmake)
[1.290s] -- Found Boost: /usr/lib/x86_64-linux-gnu/cmake/Boost-1.74.0/BoostConfig.cmake (found version "1.74.0") found components: filesystem 
[1.382s] -- library: /usr/lib/x86_64-linux-gnu/libcurl.so
[1.416s] -- Ensuring Eigen3 include directory is part of orocos-kdl CMake target
[1.558s] -- Found Boost: /usr/lib/x86_64-linux-gnu/cmake/Boost-1.74.0/BoostConfig.cmake (found version "1.74.0") found components: system filesystem date_time program_options thread chrono 
[1.581s] -- Found Boost: /usr/lib/x86_64-linux-gnu/cmake/Boost-1.74.0/BoostConfig.cmake (found version "1.74.0") found components: thread system filesystem regex date_time program_options 
[1.599s] -- Found Boost: /usr/lib/x86_64-linux-gnu/cmake/Boost-1.74.0/BoostConfig.cmake (found version "1.74.0") found components: system filesystem date_time program_options thread 
[1.734s] -- Found python_cmake_module: 0.10.0 (/opt/ros/humble/share/python_cmake_module/cmake)
[1.752s] -- Found PythonInterp: /usr/bin/python3 (found suitable version "3.10.12", minimum required is "3.6") 
[1.756s] -- Found PythonLibs: /usr/lib/x86_64-linux-gnu/libpython3.10.so (found suitable version "3.10.12", minimum required is "3.5") 
[1.756s] -- Using PYTHON_EXECUTABLE: /usr/bin/python3
[1.756s] -- Using PYTHON_INCLUDE_DIRS: /usr/include/python3.10
[1.756s] -- Using PYTHON_LIBRARIES: /usr/lib/x86_64-linux-gnu/libpython3.10.so
[1.774s] -- Found PythonExtra: .so  
[1.803s] -- Found gtest sources under '/opt/ros/humble/src/gtest_vendor': C++ tests using 'Google Test' will be built
[1.937s] -- Added test 'copyright' to check source files copyright and LICENSE
[1.940s] -- Added test 'cppcheck' to perform static code analysis on C / C++ code
[1.941s] -- Configured cppcheck include dirs: /home/hv/tiago_public_ws/src/play_motion2/play_motion2/include
[1.941s] -- Configured cppcheck exclude dirs and/or files: 
[1.943s] -- Added test 'cpplint' to check C / C++ code against the Google style
[1.943s] -- Configured cpplint exclude dirs and/or files: 
[1.944s] -- Added test 'flake8' to check Python code syntax and style conventions
[1.944s] -- Added test 'lint_cmake' to check CMake code style
[1.945s] -- Added test 'pep257' to check Python code against some of the docstring style conventions in PEP 257
[1.947s] -- Added test 'uncrustify' to check C / C++ code style
[1.948s] -- Configured uncrustify additional arguments: 
[1.948s] -- Added test 'xmllint' to check XML markup files
[1.951s] -- Configuring done
[2.097s] -- Generating done
[2.099s] -- Build files have been written to: /home/hv/tiago_public_ws/build/play_motion2
[2.116s] Invoked command in '/home/hv/tiago_public_ws/build/play_motion2' returned '0': AMENT_PREFIX_PATH=/home/hv/tiago_public_ws/install/play_motion2_msgs:${AMENT_PREFIX_PATH} CMAKE_PREFIX_PATH=/home/hv/tiago_public_ws/install/play_motion2_msgs:/home/hv/Desktop/ros2_ws/install/ghost_bms_interfaces:/home/hv/Desktop/ros2_ws/install/draper_msgs:/opt/ros/humble LD_LIBRARY_PATH=/home/hv/tiago_public_ws/install/play_motion2_msgs/lib:${LD_LIBRARY_PATH} PYTHONPATH=/home/hv/tiago_public_ws/install/play_motion2_msgs/local/lib/python3.10/dist-packages:${PYTHONPATH} /usr/bin/cmake /home/hv/tiago_public_ws/src/play_motion2/play_motion2 -DCMAKE_INSTALL_PREFIX=/home/hv/tiago_public_ws/install/play_motion2
[2.117s] Invoking command in '/home/hv/tiago_public_ws/build/play_motion2': AMENT_PREFIX_PATH=/home/hv/tiago_public_ws/install/play_motion2_msgs:${AMENT_PREFIX_PATH} CMAKE_PREFIX_PATH=/home/hv/tiago_public_ws/install/play_motion2_msgs:/home/hv/Desktop/ros2_ws/install/ghost_bms_interfaces:/home/hv/Desktop/ros2_ws/install/draper_msgs:/opt/ros/humble LD_LIBRARY_PATH=/home/hv/tiago_public_ws/install/play_motion2_msgs/lib:${LD_LIBRARY_PATH} PYTHONPATH=/home/hv/tiago_public_ws/install/play_motion2_msgs/local/lib/python3.10/dist-packages:${PYTHONPATH} /usr/bin/cmake --build /home/hv/tiago_public_ws/build/play_motion2 -- -j16 -l16
[2.166s] [ 24%] [32mBuilding CXX object gtest/CMakeFiles/gtest.dir/src/gtest-all.cc.o[0m
[2.166s] [ 24%] [32mBuilding CXX object CMakeFiles/play_motion2.dir/src/play_motion2/play_motion2.cpp.o[0m
[2.166s] [ 24%] [32mBuilding CXX object CMakeFiles/play_motion2.dir/src/play_motion2/motion_loader.cpp.o[0m
[2.166s] [ 24%] [34m[1mRunning `/opt/ros/humble/bin/generate_parameter_library_cpp /home/hv/tiago_public_ws/build/play_motion2/passthrough_controller_parameters/include//passthrough_controller_parameters.hpp /home/hv/tiago_public_ws/src/play_motion2/play_motion2/test/controllers/src/passthrough_controller_parameters.yaml `[0m
[2.166s] [ 24%] [32mBuilding CXX object gtest/CMakeFiles/gtest_main.dir/src/gtest_main.cc.o[0m
[2.166s] [ 24%] [32mBuilding CXX object CMakeFiles/play_motion2.dir/src/play_motion2/motion_planner.cpp.o[0m
[2.294s] [ 24%] Built target passthrough_controller_parameters
[2.316s] [ 28%] [32mBuilding CXX object CMakeFiles/passthrough_controller.dir/test/controllers/src/passthrough_controller.cpp.o[0m
[2.626s] In file included from [01m[K/home/hv/tiago_public_ws/src/play_motion2/play_motion2/test/controllers/src/passthrough_controller.cpp:15[m[K:
[2.626s] [01m[K/home/hv/tiago_public_ws/src/play_motion2/play_motion2/test/controllers/src/passthrough_controller.hpp:25:10:[m[K [01;31m[Kfatal error: [m[Krealtime_tools/realtime_buffer.hpp: No such file or directory
[2.626s]    25 | #include [01;31m[K"realtime_tools/realtime_buffer.hpp"[m[K
[2.626s]       |          [01;31m[K^~~~~~~~~~~~~~~~~~~~~~~~~~~~~~~~~~~~[m[K
[2.626s] compilation terminated.
[2.629s] gmake[2]: *** [CMakeFiles/passthrough_controller.dir/build.make:76: CMakeFiles/passthrough_controller.dir/test/controllers/src/passthrough_controller.cpp.o] Error 1
[2.629s] gmake[1]: *** [CMakeFiles/Makefile2:332: CMakeFiles/passthrough_controller.dir/all] Error 2
[2.629s] gmake[1]: *** Waiting for unfinished jobs....
[2.869s] [ 32%] [32m[1mLinking CXX static library libgtest_main.a[0m
[2.903s] [ 32%] Built target gtest_main
[4.532s] [ 36%] [32m[1mLinking CXX static library libgtest.a[0m
[4.587s] [ 36%] Built target gtest
[17.047s] [ 40%] [32m[1mLinking CXX shared library libplay_motion2.so[0m
[18.079s] [ 40%] Built target play_motion2
[18.080s] gmake: *** [Makefile:146: all] Error 2
[18.082s] Invoked command in '/home/hv/tiago_public_ws/build/play_motion2' returned '2': AMENT_PREFIX_PATH=/home/hv/tiago_public_ws/install/play_motion2_msgs:${AMENT_PREFIX_PATH} CMAKE_PREFIX_PATH=/home/hv/tiago_public_ws/install/play_motion2_msgs:/home/hv/Desktop/ros2_ws/install/ghost_bms_interfaces:/home/hv/Desktop/ros2_ws/install/draper_msgs:/opt/ros/humble LD_LIBRARY_PATH=/home/hv/tiago_public_ws/install/play_motion2_msgs/lib:${LD_LIBRARY_PATH} PYTHONPATH=/home/hv/tiago_public_ws/install/play_motion2_msgs/local/lib/python3.10/dist-packages:${PYTHONPATH} /usr/bin/cmake --build /home/hv/tiago_public_ws/build/play_motion2 -- -j16 -l16
